[2016-11-15 02:33] [PACMAN] Running 'pacman -Syyu'
[2016-11-15 02:33] [PACMAN] synchronizing package lists
[2016-11-15 02:34] [PACMAN] starting full system upgrade
[2016-11-15 02:48] [ALPM] transaction started
[2016-11-15 02:48] [ALPM] upgraded iana-etc (20160927-1 -> 20161101-1)
[2016-11-15 02:48] [ALPM] upgraded attr (2.4.47-1 -> 2.4.47-2)
[2016-11-15 02:48] [ALPM] upgraded acl (2.2.52-2 -> 2.2.52-3)
[2016-11-15 02:48] [ALPM] upgraded readline (6.3.008-4 -> 7.0-1)
[2016-11-15 02:48] [ALPM] upgraded bash (4.3.046-1 -> 4.4-1)
[2016-11-15 02:48] [ALPM] upgraded ca-certificates-cacert (20140824-3 -> 20140824-4)
[2016-11-15 02:48] [ALPM] upgraded libutil-linux (2.28.2-1 -> 2.28.2-2)
[2016-11-15 02:48] [ALPM] upgraded util-linux (2.28.2-1 -> 2.28.2-2)
[2016-11-15 02:48] [ALPM] upgraded device-mapper (2.02.166-1 -> 2.02.167-2)
[2016-11-15 02:48] [ALPM] upgraded gawk (4.1.4-1 -> 4.1.4-2)
[2016-11-15 02:48] [ALPM] upgraded sqlite (3.15.1-1 -> 3.15.1-2)
[2016-11-15 02:48] [ALPM] upgraded pcre (8.39-1 -> 8.39-2)
[2016-11-15 02:48] [ALPM] upgraded gnupg (2.1.15-1 -> 2.1.15-2)
[2016-11-15 02:48] [ALPM] upgraded graphite (1:1.3.8-1 -> 1:1.3.9-1)
[2016-11-15 02:48] [ALPM] upgraded guile (2.0.13-1 -> 2.0.13-2)
[2016-11-15 02:48] [ALPM] upgraded hunspell (1.4.1-1 -> 1.4.1-2)
[2016-11-15 02:48] [ALPM] installed xcb-util-xrm (1.0-3)
[2016-11-15 02:48] [ALPM] upgraded libxkbcommon (0.6.1-1 -> 0.7.0-1)
[2016-11-15 02:48] [ALPM] upgraded libxkbcommon-x11 (0.6.1-1 -> 0.7.0-1)
[2016-11-15 02:48] [ALPM] upgraded libxml2 (2.9.4+12+ge905f08-1 -> 2.9.4+12+ge905f08-2)
[2016-11-15 02:48] [ALPM] upgraded mesa (13.0.0-1 -> 13.0.1-1)
[2016-11-15 02:48] [ALPM] upgraded mesa-libgl (13.0.0-1 -> 13.0.1-1)
[2016-11-15 02:48] [ALPM] upgraded i3-wm (4.12-1 -> 4.13-1)
[2016-11-15 02:48] [ALPM] upgraded imagemagick (6.9.6.3-1 -> 6.9.6.4-1)
[2016-11-15 02:48] [ALPM] upgraded inetutils (1.9.4-4 -> 1.9.4-5)
[2016-11-15 02:48] [ALPM] upgraded jack (0.125.0-1 -> 0.125.0-3)
[2016-11-15 02:48] [ALPM] upgraded js17 (17.0.0-3 -> 17.0.0-4)
[2016-11-15 02:48] [ALPM] upgraded libusb (1.0.20-1 -> 1.0.21-1)
[2016-11-15 02:48] [ALPM] upgraded libva (1.7.2-1 -> 1.7.3-1)
[2016-11-15 02:48] [ALPM] upgraded linux (4.8.6-1 -> 4.8.7-1)
[2016-11-15 02:48] [ALPM-SCRIPTLET] >>> Updating module dependencies. Please wait ...
[2016-11-15 02:48] [ALPM-SCRIPTLET] >>> Generating initial ramdisk, using mkinitcpio. Please wait...
[2016-11-15 02:48] [ALPM-SCRIPTLET] ==> Building image from preset: /etc/mkinitcpio.d/linux.preset: 'default'
[2016-11-15 02:48] [ALPM-SCRIPTLET]   -> -k /boot/vmlinuz-linux -c /etc/mkinitcpio.conf -g /boot/initramfs-linux.img
[2016-11-15 02:48] [ALPM-SCRIPTLET] ==> Starting build: 4.8.7-1-ARCH
[2016-11-15 02:48] [ALPM-SCRIPTLET]   -> Running build hook: [base]
[2016-11-15 02:48] [ALPM-SCRIPTLET]   -> Running build hook: [systemd]
[2016-11-15 02:48] [ALPM-SCRIPTLET]   -> Running build hook: [autodetect]
[2016-11-15 02:48] [ALPM-SCRIPTLET]   -> Running build hook: [modconf]
[2016-11-15 02:48] [ALPM-SCRIPTLET]   -> Running build hook: [block]
[2016-11-15 02:48] [ALPM-SCRIPTLET]   -> Running build hook: [sd-encrypt]
[2016-11-15 02:48] [ALPM-SCRIPTLET]   -> Running build hook: [sd-lvm2]
[2016-11-15 02:48] [ALPM-SCRIPTLET] ==> ERROR: binary dependency `libreadline.so.6' not found for `/usr/bin/lvm'
[2016-11-15 02:48] [ALPM-SCRIPTLET]   -> Running build hook: [filesystems]
[2016-11-15 02:48] [ALPM-SCRIPTLET]   -> Running build hook: [keyboard]
[2016-11-15 02:48] [ALPM-SCRIPTLET]   -> Running build hook: [fsck]
[2016-11-15 02:48] [ALPM-SCRIPTLET] ==> Generating module dependencies
[2016-11-15 02:48] [ALPM-SCRIPTLET] ==> Creating gzip-compressed initcpio image: /boot/initramfs-linux.img
[2016-11-15 02:48] [ALPM-SCRIPTLET] ==> Image generation successful
[2016-11-15 02:48] [ALPM-SCRIPTLET] ==> Building image from preset: /etc/mkinitcpio.d/linux.preset: 'fallback'
[2016-11-15 02:48] [ALPM-SCRIPTLET]   -> -k /boot/vmlinuz-linux -c /etc/mkinitcpio.conf -g /boot/initramfs-linux-fallback.img -S autodetect
[2016-11-15 02:48] [ALPM-SCRIPTLET] ==> Starting build: 4.8.7-1-ARCH
[2016-11-15 02:48] [ALPM-SCRIPTLET]   -> Running build hook: [base]
[2016-11-15 02:48] [ALPM-SCRIPTLET]   -> Running build hook: [systemd]
[2016-11-15 02:48] [ALPM-SCRIPTLET]   -> Running build hook: [modconf]
[2016-11-15 02:48] [ALPM-SCRIPTLET]   -> Running build hook: [block]
[2016-11-15 02:48] [ALPM-SCRIPTLET] ==> WARNING: Possibly missing firmware for module: wd719x
[2016-11-15 02:48] [ALPM-SCRIPTLET] ==> WARNING: Possibly missing firmware for module: aic94xx
[2016-11-15 02:48] [ALPM-SCRIPTLET]   -> Running build hook: [sd-encrypt]
[2016-11-15 02:48] [ALPM-SCRIPTLET]   -> Running build hook: [sd-lvm2]
[2016-11-15 02:48] [ALPM-SCRIPTLET] ==> ERROR: binary dependency `libreadline.so.6' not found for `/usr/bin/lvm'
[2016-11-15 02:48] [ALPM-SCRIPTLET]   -> Running build hook: [filesystems]
[2016-11-15 02:48] [ALPM-SCRIPTLET]   -> Running build hook: [keyboard]
[2016-11-15 02:48] [ALPM-SCRIPTLET]   -> Running build hook: [fsck]
[2016-11-15 02:48] [ALPM-SCRIPTLET] ==> Generating module dependencies
[2016-11-15 02:48] [ALPM-SCRIPTLET] ==> Creating gzip-compressed initcpio image: /boot/initramfs-linux-fallback.img
[2016-11-15 02:48] [ALPM-SCRIPTLET] ==> Image generation successful
[2016-11-15 02:48] [ALPM] upgraded lvm2 (2.02.166-1 -> 2.02.167-2)
[2016-11-15 02:48] [ALPM] warning: /etc/pacman.d/mirrorlist installed as /etc/pacman.d/mirrorlist.pacnew
[2016-11-15 02:48] [ALPM] upgraded pacman-mirrorlist (20161101-1 -> 20161114-1)
[2016-11-15 02:48] [ALPM] upgraded pcre2 (10.22-1 -> 10.22-2)
[2016-11-15 02:48] [ALPM] upgraded python (3.5.2-1 -> 3.5.2-3)
[2016-11-15 02:48] [ALPM] upgraded python2 (2.7.12-1 -> 2.7.12-2)
[2016-11-15 02:48] [ALPM] upgraded wpa_supplicant (1:2.6-1 -> 1:2.6-2)
[2016-11-15 02:48] [ALPM] upgraded xfsprogs (4.7.0-1 -> 4.8.0-1)
[2016-11-15 02:48] [ALPM] upgraded youtube-dl (2016.11.08.1-1 -> 2016.11.14.1-1)
[2016-11-15 02:48] [ALPM] transaction completed
[2016-11-15 02:48] [ALPM] running 'texinfo-install.hook'...
[2016-11-15 02:48] [ALPM] running 'update-ca-trust.hook'...
[2016-11-15 02:48] [ALPM] running 'update-desktop-database.hook'...
